#
# There is insufficient memory for the Java Runtime Environment to continue.
# Native memory allocation (malloc) failed to allocate 618416 bytes for Chunk::new
# Possible reasons:
#   The system is out of physical RAM or swap space
#   In 32 bit mode, the process size limit was hit
# Possible solutions:
#   Reduce memory load on the system
#   Increase physical memory or swap space
#   Check if swap backing store is full
#   Use 64 bit Java on a 64 bit OS
#   Decrease Java heap size (-Xmx/-Xms)
#   Decrease number of Java threads
#   Decrease Java thread stack sizes (-Xss)
#   Set larger code cache with -XX:ReservedCodeCacheSize=
# This output file may be truncated or incomplete.
#
#  Out of Memory Error (allocation.cpp:390), pid=4692, tid=0x0000000000002298
#
# JRE version: Java(TM) SE Runtime Environment (8.0_181-b13) (build 1.8.0_181-b13)
# Java VM: Java HotSpot(TM) 64-Bit Server VM (25.181-b13 mixed mode windows-amd64 compressed oops)
# Failed to write core dump. Minidumps are not enabled by default on client versions of Windows
#

---------------  T H R E A D  ---------------

Current thread (0x0000000016592800):  JavaThread "C2 CompilerThread1" daemon [_thread_in_native, id=8856, stack(0x0000000017cc0000,0x0000000017dc0000)]

Stack: [0x0000000017cc0000,0x0000000017dc0000]
[error occurred during error reporting (printing stack bounds), id 0xc0000005]

Native frames: (J=compiled Java code, j=interpreted, Vv=VM code, C=native code)


Current CompileTask:
C2:  99574 3911       4       application.FXMLDocumentController$1::call (341 bytes)


---------------  P R O C E S S  ---------------

Java Threads: ( => current thread )
  0x000000001e808800 JavaThread "Java Sound Event Dispatcher" daemon [_thread_blocked, id=7664, stack(0x0000000026730000,0x0000000026830000)]
  0x000000001daf2000 JavaThread "Prism Font Disposer" daemon [_thread_blocked, id=4132, stack(0x0000000021c60000,0x0000000021d60000)]
  0x000000001d5cf800 JavaThread "JavaFX-Launcher" [_thread_blocked, id=5876, stack(0x000000001de30000,0x000000001df30000)]
  0x000000001d588000 JavaThread "Thread-2" daemon [_thread_in_native, id=5976, stack(0x000000001dd30000,0x000000001de30000)]
  0x000000001814a000 JavaThread "JavaFX Application Thread" [_thread_in_native, id=9924, stack(0x0000000018ea0000,0x0000000018fa0000)]
  0x0000000018154800 JavaThread "Thread-1" daemon [_thread_blocked, id=1972, stack(0x0000000018da0000,0x0000000018ea0000)]
  0x0000000018125800 JavaThread "QuantumRenderer-0" daemon [_thread_in_native, id=3676, stack(0x0000000018a20000,0x0000000018b20000)]
  0x0000000017df9800 JavaThread "Service Thread" daemon [_thread_blocked, id=10136, stack(0x00000000182c0000,0x00000000183c0000)]
  0x0000000017dc8800 JavaThread "C1 CompilerThread2" daemon [_thread_blocked, id=6052, stack(0x00000000181c0000,0x00000000182c0000)]
=>0x0000000016592800 JavaThread "C2 CompilerThread1" daemon [_thread_in_native, id=8856, stack(0x0000000017cc0000,0x0000000017dc0000)]
  0x000000001653f000 JavaThread "C2 CompilerThread0" daemon [_thread_blocked, id=4076, stack(0x0000000017bc0000,0x0000000017cc0000)]
  0x000000001653d800 JavaThread "Attach Listener" daemon [_thread_blocked, id=8472, stack(0x0000000017ac0000,0x0000000017bc0000)]
  0x000000001653c800 JavaThread "Signal Dispatcher" daemon [_thread_blocked, id=4904, stack(0x00000000179c0000,0x0000000017ac0000)]
  0x00000000052ac800 JavaThread "Finalizer" daemon [_thread_blocked, id=8844, stack(0x00000000177a0000,0x00000000178a0000)]
  0x00000000052a2000 JavaThread "Reference Handler" daemon [_thread_blocked, id=2784, stack(0x00000000176a0000,0x00000000177a0000)]
  0x00000000050ad800 JavaThread "main" [_thread_blocked, id=6288, stack(0x00000000050b0000,0x00000000051b0000)]

Other Threads:
  0x0000000016506800 VMThread [stack: 0x00000000175a0000,0x00000000176a0000] [id=10036]
  0x0000000017dfe800 WatcherThread [stack: 0x0000000018780000,0x0000000018880000] [id=4516]

VM state:not at safepoint (normal execution)

VM Mutex/Monitor currently owned by a thread: None

Heap:
 PSYoungGen      total 46592K, used 28258K [0x00000000f5e00000, 0x00000000fb000000, 0x0000000100000000)
  eden space 12800K, 9% used [0x00000000f5e00000,0x00000000f5f3fe68,0x00000000f6a80000)
  from space 33792K, 79% used [0x00000000f8f00000,0x00000000fa958ba8,0x00000000fb000000)
  to   space 30208K, 0% used [0x00000000f6a80000,0x00000000f6a80000,0x00000000f8800000)
 ParOldGen       total 65024K, used 36189K [0x00000000e1a00000, 0x00000000e5980000, 0x00000000f5e00000)
  object space 65024K, 55% used [0x00000000e1a00000,0x00000000e3d577d8,0x00000000e5980000)
 Metaspace       used 18929K, capacity 19732K, committed 19968K, reserved 1067008K
  class space    used 2545K, capacity 2768K, committed 2816K, reserved 1048576K

Card table byte_map: [0x0000000014670000,0x0000000014770000] byte_map_base: 0x0000000013f63000

Marking Bits: (ParMarkBitMap*) 0x00000000508c2d00
 Begin Bits: [0x0000000014b70000, 0x0000000015308000)
 End Bits:   [0x0000000015308000, 0x0000000015aa0000)

Polling page: 0x0000000003300000

CodeCache: size=245760Kb used=11297Kb max_used=11302Kb free=234462Kb
 bounds [0x00000000052b0000, 0x0000000005dd0000, 0x00000000142b0000]
 total_blobs=4255 nmethods=3591 adapters=577
 compilation: enabled

Compilation events (10 events):
Event: 99.457 Thread 0x0000000017dc8800 3920       3       com.sun.prism.impl.BaseResourcePool::lambda$static$458 (15 bytes)
Event: 99.458 Thread 0x0000000017dc8800 nmethod 3920 0x0000000005dc4750 code [0x0000000005dc48a0, 0x0000000005dc4ad0]
Event: 99.488 Thread 0x0000000017dc8800 3921       3       java.util.LinkedList::remove (77 bytes)
Event: 99.489 Thread 0x0000000017dc8800 nmethod 3921 0x0000000005dc3ed0 code [0x0000000005dc4080, 0x0000000005dc4588]
Event: 99.519 Thread 0x000000001653f000 3922 %     4       java.util.LinkedList::remove @ 44 (77 bytes)
Event: 99.525 Thread 0x000000001653f000 nmethod 3922% 0x0000000005dbce10 code [0x0000000005dbcf60, 0x0000000005dbd0a8]
Event: 99.529 Thread 0x000000001653f000 3923       4       java.util.LinkedList::remove (77 bytes)
Event: 99.534 Thread 0x000000001653f000 nmethod 3923 0x0000000005dc13d0 code [0x0000000005dc1520, 0x0000000005dc1648]
Event: 99.539 Thread 0x0000000017dc8800 3924       3       java.util.LinkedList::unlink (91 bytes)
Event: 99.540 Thread 0x0000000017dc8800 nmethod 3924 0x0000000005dc3990 code [0x0000000005dc3b00, 0x0000000005dc3dd0]

GC Heap History (10 events):
Event: 67.527 GC heap before
{Heap before GC invocations=14 (full 1):
 PSYoungGen      total 33280K, used 30099K [0x00000000f5e00000, 0x00000000f9800000, 0x0000000100000000)
  eden space 13312K, 100% used [0x00000000f5e00000,0x00000000f6b00000,0x00000000f6b00000)
  from space 19968K, 84% used [0x00000000f8080000,0x00000000f90e4fc0,0x00000000f9400000)
  to   space 22016K, 0% used [0x00000000f6b00000,0x00000000f6b00000,0x00000000f8080000)
 ParOldGen       total 36352K, used 26681K [0x00000000e1a00000, 0x00000000e3d80000, 0x00000000f5e00000)
  object space 36352K, 73% used [0x00000000e1a00000,0x00000000e340e7c8,0x00000000e3d80000)
 Metaspace       used 18849K, capacity 19670K, committed 19968K, reserved 1067008K
  class space    used 2543K, capacity 2735K, committed 2816K, reserved 1048576K
Event: 67.610 GC heap after
Heap after GC invocations=14 (full 1):
 PSYoungGen      total 35328K, used 21670K [0x00000000f5e00000, 0x00000000fa100000, 0x0000000100000000)
  eden space 13312K, 0% used [0x00000000f5e00000,0x00000000f5e00000,0x00000000f6b00000)
  from space 22016K, 98% used [0x00000000f6b00000,0x00000000f80298e8,0x00000000f8080000)
  to   space 25600K, 0% used [0x00000000f8800000,0x00000000f8800000,0x00000000fa100000)
 ParOldGen       total 36352K, used 26689K [0x00000000e1a00000, 0x00000000e3d80000, 0x00000000f5e00000)
  object space 36352K, 73% used [0x00000000e1a00000,0x00000000e34107c8,0x00000000e3d80000)
 Metaspace       used 18849K, capacity 19670K, committed 19968K, reserved 1067008K
  class space    used 2543K, capacity 2735K, committed 2816K, reserved 1048576K
}
Event: 78.012 GC heap before
{Heap before GC invocations=15 (full 1):
 PSYoungGen      total 35328K, used 34982K [0x00000000f5e00000, 0x00000000fa100000, 0x0000000100000000)
  eden space 13312K, 100% used [0x00000000f5e00000,0x00000000f6b00000,0x00000000f6b00000)
  from space 22016K, 98% used [0x00000000f6b00000,0x00000000f80298e8,0x00000000f8080000)
  to   space 25600K, 0% used [0x00000000f8800000,0x00000000f8800000,0x00000000fa100000)
 ParOldGen       total 36352K, used 26689K [0x00000000e1a00000, 0x00000000e3d80000, 0x00000000f5e00000)
  object space 36352K, 73% used [0x00000000e1a00000,0x00000000e34107c8,0x00000000e3d80000)
 Metaspace       used 18895K, capacity 19670K, committed 19968K, reserved 1067008K
  class space    used 2543K, capacity 2735K, committed 2816K, reserved 1048576K
Event: 78.061 GC heap after
Heap after GC invocations=15 (full 1):
 PSYoungGen      total 38400K, used 25591K [0x00000000f5e00000, 0x00000000faa00000, 0x0000000100000000)
  eden space 12800K, 0% used [0x00000000f5e00000,0x00000000f5e00000,0x00000000f6a80000)
  from space 25600K, 99% used [0x00000000f8800000,0x00000000fa0fdfb0,0x00000000fa100000)
  to   space 30208K, 0% used [0x00000000f6a80000,0x00000000f6a80000,0x00000000f8800000)
 ParOldGen       total 36352K, used 27912K [0x00000000e1a00000, 0x00000000e3d80000, 0x00000000f5e00000)
  object space 36352K, 76% used [0x00000000e1a00000,0x00000000e35421c0,0x00000000e3d80000)
 Metaspace       used 18895K, capacity 19670K, committed 19968K, reserved 1067008K
  class space    used 2543K, capacity 2735K, committed 2816K, reserved 1048576K
}
Event: 85.722 GC heap before
{Heap before GC invocations=16 (full 1):
 PSYoungGen      total 38400K, used 38365K [0x00000000f5e00000, 0x00000000faa00000, 0x0000000100000000)
  eden space 12800K, 99% used [0x00000000f5e00000,0x00000000f6a79520,0x00000000f6a80000)
  from space 25600K, 99% used [0x00000000f8800000,0x00000000fa0fdfb0,0x00000000fa100000)
  to   space 30208K, 0% used [0x00000000f6a80000,0x00000000f6a80000,0x00000000f8800000)
 ParOldGen       total 36352K, used 27912K [0x00000000e1a00000, 0x00000000e3d80000, 0x00000000f5e00000)
  object space 36352K, 76% used [0x00000000e1a00000,0x00000000e35421c0,0x00000000e3d80000)
 Metaspace       used 18907K, capacity 19702K, committed 19968K, reserved 1067008K
  class space    used 2544K, capacity 2767K, committed 2816K, reserved 1048576K
Event: 85.760 GC heap after
Heap after GC invocations=16 (full 1):
 PSYoungGen      total 43008K, used 26480K [0x00000000f5e00000, 0x00000000fb000000, 0x0000000100000000)
  eden space 12800K, 0% used [0x00000000f5e00000,0x00000000f5e00000,0x00000000f6a80000)
  from space 30208K, 87% used [0x00000000f6a80000,0x00000000f845c2a8,0x00000000f8800000)
  to   space 33792K, 0% used [0x00000000f8f00000,0x00000000f8f00000,0x00000000fb000000)
 ParOldGen       total 36352K, used 32892K [0x00000000e1a00000, 0x00000000e3d80000, 0x00000000f5e00000)
  object space 36352K, 90% used [0x00000000e1a00000,0x00000000e3a1f390,0x00000000e3d80000)
 Metaspace       used 18907K, capacity 19702K, committed 19968K, reserved 1067008K
  class space    used 2544K, capacity 2767K, committed 2816K, reserved 1048576K
}
Event: 85.760 GC heap before
{Heap before GC invocations=17 (full 2):
 PSYoungGen      total 43008K, used 26480K [0x00000000f5e00000, 0x00000000fb000000, 0x0000000100000000)
  eden space 12800K, 0% used [0x00000000f5e00000,0x00000000f5e00000,0x00000000f6a80000)
  from space 30208K, 87% used [0x00000000f6a80000,0x00000000f845c2a8,0x00000000f8800000)
  to   space 33792K, 0% used [0x00000000f8f00000,0x00000000f8f00000,0x00000000fb000000)
 ParOldGen       total 36352K, used 32892K [0x00000000e1a00000, 0x00000000e3d80000, 0x00000000f5e00000)
  object space 36352K, 90% used [0x00000000e1a00000,0x00000000e3a1f390,0x00000000e3d80000)
 Metaspace       used 18907K, capacity 19702K, committed 19968K, reserved 1067008K
  class space    used 2544K, capacity 2767K, committed 2816K, reserved 1048576K
Event: 86.279 GC heap after
Heap after GC invocations=17 (full 2):
 PSYoungGen      total 43008K, used 21765K [0x00000000f5e00000, 0x00000000fb000000, 0x0000000100000000)
  eden space 12800K, 0% used [0x00000000f5e00000,0x00000000f5e00000,0x00000000f6a80000)
  from space 30208K, 72% used [0x00000000f6a80000,0x00000000f7fc1558,0x00000000f8800000)
  to   space 33792K, 0% used [0x00000000f8f00000,0x00000000f8f00000,0x00000000fb000000)
 ParOldGen       total 65024K, used 36189K [0x00000000e1a00000, 0x00000000e5980000, 0x00000000f5e00000)
  object space 65024K, 55% used [0x00000000e1a00000,0x00000000e3d577d8,0x00000000e5980000)
 Metaspace       used 18907K, capacity 19702K, committed 19968K, reserved 1067008K
  class space    used 2544K, capacity 2767K, committed 2816K, reserved 1048576K
}
Event: 99.287 GC heap before
{Heap before GC invocations=18 (full 2):
 PSYoungGen      total 43008K, used 34565K [0x00000000f5e00000, 0x00000000fb000000, 0x0000000100000000)
  eden space 12800K, 100% used [0x00000000f5e00000,0x00000000f6a80000,0x00000000f6a80000)
  from space 30208K, 72% used [0x00000000f6a80000,0x00000000f7fc1558,0x00000000f8800000)
  to   space 33792K, 0% used [0x00000000f8f00000,0x00000000f8f00000,0x00000000fb000000)
 ParOldGen       total 65024K, used 36189K [0x00000000e1a00000, 0x00000000e5980000, 0x00000000f5e00000)
  object space 65024K, 55% used [0x00000000e1a00000,0x00000000e3d577d8,0x00000000e5980000)
 Metaspace       used 18918K, capacity 19720K, committed 19968K, reserved 1067008K
  class space    used 2545K, capacity 2768K, committed 2816K, reserved 1048576K
Event: 99.318 GC heap after
Heap after GC invocations=18 (full 2):
 PSYoungGen      total 46592K, used 26978K [0x00000000f5e00000, 0x00000000fb000000, 0x0000000100000000)
  eden space 12800K, 0% used [0x00000000f5e00000,0x00000000f5e00000,0x00000000f6a80000)
  from space 33792K, 79% used [0x00000000f8f00000,0x00000000fa958ba8,0x00000000fb000000)
  to   space 30208K, 0% used [0x00000000f6a80000,0x00000000f6a80000,0x00000000f8800000)
 ParOldGen       total 65024K, used 36189K [0x00000000e1a00000, 0x00000000e5980000, 0x00000000f5e00000)
  object space 65024K, 55% used [0x00000000e1a00000,0x00000000e3d577d8,0x00000000e5980000)
 Metaspace       used 18918K, capacity 19720K, committed 19968K, reserved 1067008K
  class space    used 2545K, capacity 2768K, committed 2816K, reserved 1048576K
}

Deoptimization events (10 events):
Event: 10.637 Thread 0x000000001814a000 Uncommon trap: reason=class_check action=maybe_recompile pc=0x0000000005728630 method=java.io.FilterInputStream.read()I @ 4
Event: 11.036 Thread 0x000000001814a000 Uncommon trap: reason=unstable_if action=reinterpret pc=0x00000000057c73e4 method=java.util.WeakHashMap.expungeStaleEntries()V @ 9
Event: 11.629 Thread 0x000000001e4f2800 Uncommon trap: reason=class_check action=maybe_recompile pc=0x000000000584d6e4 method=java.io.BufferedInputStream.read1([BII)I @ 39
Event: 11.631 Thread 0x000000001e4f2800 Uncommon trap: reason=class_check action=maybe_recompile pc=0x000000000584d6e4 method=java.io.BufferedInputStream.read1([BII)I @ 39
Event: 14.803 Thread 0x000000001814a000 Uncommon trap: reason=range_check action=make_not_entrant pc=0x00000000055c0da0 method=sun.reflect.generics.parser.SignatureParser.current()C @ 34
Event: 18.203 Thread 0x000000001814a000 Uncommon trap: reason=class_check action=maybe_recompile pc=0x00000000058f501c method=javafx.scene.Node.updateLocalToParentTransform()V @ 11
Event: 18.203 Thread 0x000000001814a000 Uncommon trap: reason=class_check action=maybe_recompile pc=0x00000000058f501c method=javafx.scene.Node.updateLocalToParentTransform()V @ 11
Event: 19.168 Thread 0x000000001814a000 Uncommon trap: reason=class_check action=maybe_recompile pc=0x00000000058f501c method=javafx.scene.Node.updateLocalToParentTransform()V @ 11
Event: 19.180 Thread 0x000000001dbf2800 Uncommon trap: reason=unstable_if action=reinterpret pc=0x000000000556bb04 method=java.util.ArrayList.rangeCheck(I)V @ 5
Event: 19.216 Thread 0x000000001814a000 Uncommon trap: reason=class_check action=maybe_recompile pc=0x00000000058f501c method=javafx.scene.Node.updateLocalToParentTransform()V @ 11

Classes redefined (0 events):
No events

Internal exceptions (10 events):
Event: 3.437 Thread 0x000000001814a000 JVM_StopThread thread JavaThread 0x000000001d5c7800 as oop 0x00000000f5f521a8 [exception 0x0000000018f9dc08]
Event: 4.006 Thread 0x000000001814a000 Exception <a 'java/lang/ArrayIndexOutOfBoundsException'> (0x00000000f62a0e60) thrown at [C:\re\workspace\8-2-build-windows-amd64-cygwin\jdk8u181\11358\hotspot\src\share\vm\runtime\sharedRuntime.cpp, line 605]
Event: 4.009 Thread 0x000000001814a000 Exception <a 'java/lang/ArrayIndexOutOfBoundsException'> (0x00000000f62a1978) thrown at [C:\re\workspace\8-2-build-windows-amd64-cygwin\jdk8u181\11358\hotspot\src\share\vm\runtime\sharedRuntime.cpp, line 605]
Event: 4.010 Thread 0x000000001814a000 Exception <a 'java/lang/ArrayIndexOutOfBoundsException'> (0x00000000f62a2d20) thrown at [C:\re\workspace\8-2-build-windows-amd64-cygwin\jdk8u181\11358\hotspot\src\share\vm\runtime\sharedRuntime.cpp, line 605]
Event: 4.532 Thread 0x000000001814a000 Exception <a 'java/lang/ArrayIndexOutOfBoundsException'> (0x00000000f660e858) thrown at [C:\re\workspace\8-2-build-windows-amd64-cygwin\jdk8u181\11358\hotspot\src\share\vm\runtime\sharedRuntime.cpp, line 605]
Event: 5.586 Thread 0x000000001814a000 Implicit null exception at 0x00000000055e9db5 to 0x00000000055e9fd1
Event: 5.594 Thread 0x000000001814a000 Implicit null exception at 0x00000000055c1baf to 0x00000000055c1c19
Event: 7.333 Thread 0x000000001814a000 Implicit null exception at 0x0000000005628ba6 to 0x0000000005628bf1
Event: 14.803 Thread 0x000000001814a000 Exception <a 'java/lang/ArrayIndexOutOfBoundsException': 78> (0x00000000f63d5620) thrown at [C:\re\workspace\8-2-build-windows-amd64-cygwin\jdk8u181\11358\hotspot\src\share\vm\interpreter\interpreterRuntime.cpp, line 366]
Event: 14.818 Thread 0x000000001814a000 Exception <a 'java/lang/ArrayIndexOutOfBoundsException': 75> (0x00000000f63e80b8) thrown at [C:\re\workspace\8-2-build-windows-amd64-cygwin\jdk8u181\11358\hotspot\src\share\vm\interpreter\interpreterRuntime.cpp, line 366]

Events (10 events):
Event: 99.379 Thread 0x000000001ee0c000 Thread exited: 0x000000001ee0c000
Event: 99.379 Thread 0x000000001dbf2800 Thread exited: 0x000000001dbf2800
Event: 99.379 Thread 0x000000001dbec800 Thread exited: 0x000000001dbec800
Event: 99.380 Thread 0x000000001ee0a800 Thread exited: 0x000000001ee0a800
Event: 99.380 Thread 0x000000001ee07800 Thread exited: 0x000000001ee07800
Event: 99.380 Thread 0x000000001dbf3800 Thread exited: 0x000000001dbf3800
Event: 99.380 Thread 0x000000001dbf2000 Thread exited: 0x000000001dbf2000
Event: 99.382 Thread 0x000000001ee0f000 Thread exited: 0x000000001ee0f000
Event: 99.529 Thread 0x0000000018125800 DEOPT PACKING pc=0x0000000005dc4485 sp=0x0000000018b1e430
Event: 99.529 Thread 0x0000000018125800 DEOPT UNPACKING pc=0x00000000052f7490 sp=0x0000000018b1e168 mode 0


Dynamic libraries:
0x00007ff6477f0000 - 0x00007ff647827000 	C:\Program Files\Java\jdk1.8.0_181\jre\bin\java.exe
0x00007fff7aef0000 - 0x00007fff7b0d0000 	C:\Windows\SYSTEM32\ntdll.dll
0x00007fff784d0000 - 0x00007fff7857e000 	C:\Windows\System32\KERNEL32.DLL
0x00007fff77730000 - 0x00007fff77996000 	C:\Windows\System32\KERNELBASE.dll
0x00007fff7a180000 - 0x00007fff7a221000 	C:\Windows\System32\ADVAPI32.dll
0x00007fff7aad0000 - 0x00007fff7ab6d000 	C:\Windows\System32\msvcrt.dll
0x00007fff78470000 - 0x00007fff784cb000 	C:\Windows\System32\sechost.dll
0x00007fff79f90000 - 0x00007fff7a0af000 	C:\Windows\System32\RPCRT4.dll
0x00007fff7abd0000 - 0x00007fff7ad5f000 	C:\Windows\System32\USER32.dll
0x00007fff77710000 - 0x00007fff77730000 	C:\Windows\System32\win32u.dll
0x00007fff78890000 - 0x00007fff788b8000 	C:\Windows\System32\GDI32.dll
0x00007fff779a0000 - 0x00007fff77b33000 	C:\Windows\System32\gdi32full.dll
0x00007fff774a0000 - 0x00007fff7753b000 	C:\Windows\System32\msvcp_win.dll
0x00007fff773a0000 - 0x00007fff77496000 	C:\Windows\System32\ucrtbase.dll
0x00007fff6e140000 - 0x00007fff6e3a9000 	C:\Windows\WinSxS\amd64_microsoft.windows.common-controls_6595b64144ccf1df_6.0.16299.371_none_15c7d1789365a290\COMCTL32.dll
0x00007fff78580000 - 0x00007fff78888000 	C:\Windows\System32\combase.dll
0x00007fff782e0000 - 0x00007fff78352000 	C:\Windows\System32\bcryptPrimitives.dll
0x00007fff7ad60000 - 0x00007fff7ad8d000 	C:\Windows\System32\IMM32.DLL
0x0000000077f20000 - 0x0000000077ff2000 	C:\Program Files\Java\jdk1.8.0_181\jre\bin\msvcr100.dll
0x00000000500a0000 - 0x0000000050942000 	C:\Program Files\Java\jdk1.8.0_181\jre\bin\server\jvm.dll
0x00007fff79f80000 - 0x00007fff79f88000 	C:\Windows\System32\PSAPI.DLL
0x00007fff75f10000 - 0x00007fff75f19000 	C:\Windows\SYSTEM32\WSOCK32.dll
0x00007fff751e0000 - 0x00007fff75203000 	C:\Windows\SYSTEM32\WINMM.dll
0x00007fff7a390000 - 0x00007fff7a3fc000 	C:\Windows\System32\WS2_32.dll
0x00007fff67320000 - 0x00007fff6732a000 	C:\Windows\SYSTEM32\VERSION.dll
0x00007fff751b0000 - 0x00007fff751da000 	C:\Windows\SYSTEM32\WINMMBASE.dll
0x00007fff78290000 - 0x00007fff782da000 	C:\Windows\System32\cfgmgr32.dll
0x0000000050050000 - 0x000000005005f000 	C:\Program Files\Java\jdk1.8.0_181\jre\bin\verify.dll
0x0000000050020000 - 0x0000000050049000 	C:\Program Files\Java\jdk1.8.0_181\jre\bin\java.dll
0x0000000050000000 - 0x0000000050016000 	C:\Program Files\Java\jdk1.8.0_181\jre\bin\zip.dll
0x00007fff788c0000 - 0x00007fff79cf6000 	C:\Windows\System32\SHELL32.dll
0x00007fff783c0000 - 0x00007fff78466000 	C:\Windows\System32\shcore.dll
0x00007fff77b40000 - 0x00007fff78287000 	C:\Windows\System32\windows.storage.dll
0x00007fff7ae50000 - 0x00007fff7aea1000 	C:\Windows\System32\shlwapi.dll
0x00007fff772b0000 - 0x00007fff772c1000 	C:\Windows\System32\kernel.appcore.dll
0x00007fff77260000 - 0x00007fff772ac000 	C:\Windows\System32\powrprof.dll
0x00007fff77240000 - 0x00007fff7725b000 	C:\Windows\System32\profapi.dll
0x0000000003350000 - 0x0000000003353000 	C:\Program Files\Java\jdk1.8.0_181\jre\bin\api-ms-win-core-console-l1-1-0.dll
0x0000000003660000 - 0x0000000003663000 	C:\Program Files\Java\jdk1.8.0_181\jre\bin\api-ms-win-core-datetime-l1-1-0.dll
0x0000000003670000 - 0x0000000003673000 	C:\Program Files\Java\jdk1.8.0_181\jre\bin\api-ms-win-core-debug-l1-1-0.dll
0x0000000003680000 - 0x0000000003683000 	C:\Program Files\Java\jdk1.8.0_181\jre\bin\api-ms-win-core-errorhandling-l1-1-0.dll
0x0000000003690000 - 0x0000000003694000 	C:\Program Files\Java\jdk1.8.0_181\jre\bin\api-ms-win-core-file-l1-1-0.dll
0x00000000036a0000 - 0x00000000036a3000 	C:\Program Files\Java\jdk1.8.0_181\jre\bin\api-ms-win-core-file-l1-2-0.dll
0x00000000036b0000 - 0x00000000036b3000 	C:\Program Files\Java\jdk1.8.0_181\jre\bin\api-ms-win-core-file-l2-1-0.dll
0x00000000036c0000 - 0x00000000036c3000 	C:\Program Files\Java\jdk1.8.0_181\jre\bin\api-ms-win-core-handle-l1-1-0.dll
0x00000000036d0000 - 0x00000000036d3000 	C:\Program Files\Java\jdk1.8.0_181\jre\bin\api-ms-win-core-heap-l1-1-0.dll
0x00000000036f0000 - 0x00000000036f3000 	C:\Program Files\Java\jdk1.8.0_181\jre\bin\api-ms-win-core-interlocked-l1-1-0.dll
0x0000000003700000 - 0x0000000003703000 	C:\Program Files\Java\jdk1.8.0_181\jre\bin\api-ms-win-core-libraryloader-l1-1-0.dll
0x0000000003710000 - 0x0000000003713000 	C:\Program Files\Java\jdk1.8.0_181\jre\bin\api-ms-win-core-localization-l1-2-0.dll
0x0000000005080000 - 0x0000000005083000 	C:\Program Files\Java\jdk1.8.0_181\jre\bin\api-ms-win-core-memory-l1-1-0.dll
0x0000000005090000 - 0x0000000005093000 	C:\Program Files\Java\jdk1.8.0_181\jre\bin\api-ms-win-core-namedpipe-l1-1-0.dll
0x0000000018880000 - 0x0000000018883000 	C:\Program Files\Java\jdk1.8.0_181\jre\bin\api-ms-win-core-processenvironment-l1-1-0.dll
0x0000000018890000 - 0x0000000018893000 	C:\Program Files\Java\jdk1.8.0_181\jre\bin\api-ms-win-core-processthreads-l1-1-0.dll
0x00000000188a0000 - 0x00000000188a3000 	C:\Program Files\Java\jdk1.8.0_181\jre\bin\api-ms-win-core-processthreads-l1-1-1.dll
0x00000000188b0000 - 0x00000000188b3000 	C:\Program Files\Java\jdk1.8.0_181\jre\bin\api-ms-win-core-profile-l1-1-0.dll
0x00000000188c0000 - 0x00000000188c3000 	C:\Program Files\Java\jdk1.8.0_181\jre\bin\api-ms-win-core-rtlsupport-l1-1-0.dll
0x00000000188d0000 - 0x00000000188d3000 	C:\Program Files\Java\jdk1.8.0_181\jre\bin\api-ms-win-core-string-l1-1-0.dll
0x00000000188e0000 - 0x00000000188e3000 	C:\Program Files\Java\jdk1.8.0_181\jre\bin\api-ms-win-core-synch-l1-1-0.dll
0x00000000188f0000 - 0x00000000188f3000 	C:\Program Files\Java\jdk1.8.0_181\jre\bin\api-ms-win-core-synch-l1-2-0.dll
0x0000000018900000 - 0x0000000018903000 	C:\Program Files\Java\jdk1.8.0_181\jre\bin\api-ms-win-core-sysinfo-l1-1-0.dll
0x0000000018910000 - 0x0000000018913000 	C:\Program Files\Java\jdk1.8.0_181\jre\bin\api-ms-win-core-timezone-l1-1-0.dll
0x0000000018920000 - 0x0000000018923000 	C:\Program Files\Java\jdk1.8.0_181\jre\bin\api-ms-win-core-util-l1-1-0.dll
0x0000000018930000 - 0x0000000018933000 	C:\Program Files\Java\jdk1.8.0_181\jre\bin\api-ms-win-crt-conio-l1-1-0.dll
0x0000000018940000 - 0x0000000018944000 	C:\Program Files\Java\jdk1.8.0_181\jre\bin\api-ms-win-crt-convert-l1-1-0.dll
0x0000000018950000 - 0x0000000018953000 	C:\Program Files\Java\jdk1.8.0_181\jre\bin\api-ms-win-crt-environment-l1-1-0.dll
0x0000000018960000 - 0x0000000018963000 	C:\Program Files\Java\jdk1.8.0_181\jre\bin\api-ms-win-crt-filesystem-l1-1-0.dll
0x0000000018970000 - 0x0000000018973000 	C:\Program Files\Java\jdk1.8.0_181\jre\bin\api-ms-win-crt-heap-l1-1-0.dll
0x0000000018980000 - 0x0000000018983000 	C:\Program Files\Java\jdk1.8.0_181\jre\bin\api-ms-win-crt-locale-l1-1-0.dll
0x0000000018990000 - 0x0000000018995000 	C:\Program Files\Java\jdk1.8.0_181\jre\bin\api-ms-win-crt-math-l1-1-0.dll
0x00000000189a0000 - 0x00000000189a5000 	C:\Program Files\Java\jdk1.8.0_181\jre\bin\api-ms-win-crt-multibyte-l1-1-0.dll
0x00000000189b0000 - 0x00000000189c0000 	C:\Program Files\Java\jdk1.8.0_181\jre\bin\api-ms-win-crt-private-l1-1-0.dll
0x00000000189c0000 - 0x00000000189c3000 	C:\Program Files\Java\jdk1.8.0_181\jre\bin\api-ms-win-crt-process-l1-1-0.dll
0x00000000189d0000 - 0x00000000189d4000 	C:\Program Files\Java\jdk1.8.0_181\jre\bin\api-ms-win-crt-runtime-l1-1-0.dll
0x00000000189e0000 - 0x00000000189e4000 	C:\Program Files\Java\jdk1.8.0_181\jre\bin\api-ms-win-crt-stdio-l1-1-0.dll
0x00000000189f0000 - 0x00000000189f4000 	C:\Program Files\Java\jdk1.8.0_181\jre\bin\api-ms-win-crt-string-l1-1-0.dll
0x0000000018a00000 - 0x0000000018a03000 	C:\Program Files\Java\jdk1.8.0_181\jre\bin\api-ms-win-crt-time-l1-1-0.dll
0x0000000018a10000 - 0x0000000018a13000 	C:\Program Files\Java\jdk1.8.0_181\jre\bin\api-ms-win-crt-utility-l1-1-0.dll
0x00007fff51310000 - 0x00007fff51406000 	C:\Program Files\Java\jdk1.8.0_181\jre\bin\ucrtbase.dll
0x00007fff6ed80000 - 0x00007fff6ed96000 	C:\Program Files\Java\jdk1.8.0_181\jre\bin\vcruntime140.dll
0x00007fff5b370000 - 0x00007fff5b40c000 	C:\Program Files\Java\jdk1.8.0_181\jre\bin\msvcp140.dll
0x00007fff5cfc0000 - 0x00007fff5d011000 	C:\Program Files\Java\jdk1.8.0_181\jre\bin\concrt140.dll
0x0000000077bf0000 - 0x0000000077c13000 	C:\Program Files\Java\jdk1.8.0_181\jre\bin\prism_d3d.dll
0x00007fff468f0000 - 0x00007fff46a85000 	C:\Windows\system32\d3d9.dll
0x00007fff75720000 - 0x00007fff7574a000 	C:\Windows\SYSTEM32\dwmapi.dll
0x00007fff754f0000 - 0x00007fff75585000 	C:\Windows\system32\uxtheme.dll
0x00007fff41bb0000 - 0x00007fff43a43000 	C:\Windows\SYSTEM32\igdumdim64.dll
0x00007fff7a680000 - 0x00007fff7aace000 	C:\Windows\System32\SETUPAPI.dll
0x00007fff7a0b0000 - 0x00007fff7a175000 	C:\Windows\System32\OLEAUT32.dll
0x00007fff7a240000 - 0x00007fff7a389000 	C:\Windows\System32\ole32.dll
0x0000000077ba0000 - 0x0000000077be9000 	C:\Program Files\Java\jdk1.8.0_181\jre\bin\glass.dll
0x00007fff7a400000 - 0x00007fff7a50a000 	C:\Windows\System32\COMDLG32.dll
0x00007fff7a510000 - 0x00007fff7a677000 	C:\Windows\System32\MSCTF.dll
0x00007fff71200000 - 0x00007fff71c29000 	C:\Windows\SYSTEM32\igdusc64.dll
0x0000000077b80000 - 0x0000000077b94000 	C:\Program Files\Java\jdk1.8.0_181\jre\bin\javafx_font.dll
0x00007fff6e7d0000 - 0x00007fff6eae0000 	C:\Windows\SYSTEM32\dwrite.dll
0x00007fff7adb0000 - 0x00007fff7ae4e000 	C:\Windows\System32\clbcatq.dll
0x00007fff73670000 - 0x00007fff7381b000 	C:\Windows\SYSTEM32\WindowsCodecs.dll
0x00007fff6abf0000 - 0x00007fff6ac3f000 	C:\Windows\system32\dataexchange.dll
0x00007fff73e60000 - 0x00007fff74142000 	C:\Windows\system32\d3d11.dll
0x00007fff74180000 - 0x00007fff742c2000 	C:\Windows\system32\dcomp.dll
0x00007fff760a0000 - 0x00007fff7614f000 	C:\Windows\system32\dxgi.dll
0x00007fff75860000 - 0x00007fff759db000 	C:\Windows\system32\twinapi.appcore.dll
0x00007fff76d40000 - 0x00007fff76d65000 	C:\Windows\system32\bcrypt.dll
0x00007fff75840000 - 0x00007fff75860000 	C:\Windows\system32\RMCLIENT.dll
0x00007fff62ef0000 - 0x00007fff62f24000 	C:\Program Files\Common Files\Microsoft Shared\Ink\rtscom.dll
0x00007fff71160000 - 0x00007fff711f8000 	C:\Windows\System32\TextInputFramework.dll
0x00007fff73060000 - 0x00007fff7334e000 	C:\Windows\System32\CoreUIComponents.dll
0x00007fff76370000 - 0x00007fff763a1000 	C:\Windows\SYSTEM32\ntmarta.dll
0x00007fff74300000 - 0x00007fff743dc000 	C:\Windows\System32\CoreMessaging.dll
0x00007fff72ec0000 - 0x00007fff72ff6000 	C:\Windows\SYSTEM32\wintypes.dll
0x0000000077b60000 - 0x0000000077b72000 	C:\Program Files\Java\jdk1.8.0_181\jre\bin\prism_common.dll
0x0000000077b50000 - 0x0000000077b5c000 	C:\Program Files\Java\jdk1.8.0_181\jre\bin\jsound.dll
0x0000000077b40000 - 0x0000000077b4b000 	C:\Program Files\Java\jdk1.8.0_181\jre\bin\jsoundds.dll
0x00007fff5b2e0000 - 0x00007fff5b36f000 	C:\Windows\SYSTEM32\DSOUND.dll
0x00007fff6d3c0000 - 0x00007fff6d42f000 	C:\Windows\SYSTEM32\MMDevAPI.DLL
0x00007fff76ff0000 - 0x00007fff77017000 	C:\Windows\SYSTEM32\DEVOBJ.dll
0x00007fff73ca0000 - 0x00007fff73e51000 	C:\Windows\SYSTEM32\PROPSYS.dll
0x00007fff5acd0000 - 0x00007fff5ad12000 	C:\Windows\SYSTEM32\wdmaud.drv
0x00007fff73560000 - 0x00007fff7356a000 	C:\Windows\SYSTEM32\AVRT.dll
0x00007fff71df0000 - 0x00007fff71df9000 	C:\Program Files\Java\jdk1.8.0_181\jre\bin\java.exe
0x00007fff5d460000 - 0x00007fff5d582000 	C:\Windows\System32\msvcp_win.dll
0x00007fff6eb20000 - 0x00007fff6eb2c000 	C:\Program Files\Java\jdk1.8.0_181\jre\bin\msvcr100.dll
0x00007fff66c30000 - 0x00007fff66c4c000 	C:\Windows\System32\WS2_32.dll
0x00007fff6e3e0000 - 0x00007fff6e3ea000 	C:\Program Files\Java\jdk1.8.0_181\jre\bin\java.dll
0x00007fff70f50000 - 0x00007fff71057000 	C:\Windows\System32\windows.storage.dll
0x0000000077960000 - 0x0000000077983000 	C:\Windows\System32\powrprof.dll

VM Arguments:
jvm_args: -Dfile.encoding=UTF-8 
java_command: C:\Users\William\Documents\NetBeansProjects\projet2048-3D_Claudin_Plaut_Tardot_Scheffmann\dist\run488959495\projet2048-3D.jar
java_class_path (initial): C:\Users\William\Documents\NetBeansProjects\projet2048-3D_Claudin_Plaut_Tardot_Scheffmann\dist\run488959495\projet2048-3D.jar
Launcher Type: SUN_STANDARD

Environment Variables:
PATH=C:\Program Files (x86)\Common Files\Oracle\Java\javapath;C:\Windows\system32;C:\Windows;C:\Windows\System32\Wbem;C:\Windows\System32\WindowsPowerShell\v1.0\;C:\Users\William\AppData\Local\Microsoft\WindowsApps;
USERNAME=William
OS=Windows_NT
PROCESSOR_IDENTIFIER=Intel64 Family 6 Model 76 Stepping 3, GenuineIntel



---------------  S Y S T E M  ---------------

OS: Windows 10.0 , 64 bit Build 16299 (10.0.16299.15)

CPU:total 4 (initial active 4) (4 cores per cpu, 1 threads per core) family 6 model 76 stepping 3, cmov, cx8, fxsr, mmx, sse, sse2, sse3, ssse3, sse4.1, sse4.2, popcnt, aes, clmul, erms, 3dnowpref, tsc, tscinvbit

Memory: 4k page, physical 1988892k(245048k free), swap 4597576k(5176k free)

vm_info: Java HotSpot(TM) 64-Bit Server VM (25.181-b13) for windows-amd64 JRE (1.8.0_181-b13), built on Jul  7 2018 04:01:33 by "java_re" with MS VC++ 10.0 (VS2010)

time: Wed Nov 27 16:19:38 2019
elapsed time: 99 seconds (0d 0h 1m 39s)

